::1 - - [23/Jun/2017:09:30:28 +0000] "GET /users HTTP/1.1" - - "-" "Mozilla/5.0 (Windows NT 10.0; WOW64) AppleWebKit/537.36 (KHTML, like Gecko) Chrome/58.0.3029.96 Safari/537.36"
::1 - - [23/Jun/2017:09:37:55 +0000] "GET /users HTTP/1.1" - - "-" "Mozilla/5.0 (Windows NT 10.0; WOW64) AppleWebKit/537.36 (KHTML, like Gecko) Chrome/58.0.3029.96 Safari/537.36"
::1 - - [23/Jun/2017:09:37:59 +0000] "GET /delete/66?age=18&job=teacher HTTP/1.1" - - "http://localhost:3000/users" "Mozilla/5.0 (Windows NT 10.0; WOW64) AppleWebKit/537.36 (KHTML, like Gecko) Chrome/58.0.3029.96 Safari/537.36"
::1 - - [23/Jun/2017:09:38:46 +0000] "GET /users HTTP/1.1" - - "-" "Mozilla/5.0 (Windows NT 10.0; WOW64) AppleWebKit/537.36 (KHTML, like Gecko) Chrome/58.0.3029.96 Safari/537.36"
::1 - - [23/Jun/2017:09:38:48 +0000] "GET /delete/66?age=18&job=teacher HTTP/1.1" - - "http://localhost:3000/users" "Mozilla/5.0 (Windows NT 10.0; WOW64) AppleWebKit/537.36 (KHTML, like Gecko) Chrome/58.0.3029.96 Safari/537.36"
::1 - - [23/Jun/2017:09:39:51 +0000] "GET /users HTTP/1.1" - - "-" "Mozilla/5.0 (Windows NT 10.0; WOW64) AppleWebKit/537.36 (KHTML, like Gecko) Chrome/58.0.3029.96 Safari/537.36"
::1 - - [23/Jun/2017:09:39:53 +0000] "GET /get/66?age=18&job=teacher HTTP/1.1" - - "http://localhost:3000/users" "Mozilla/5.0 (Windows NT 10.0; WOW64) AppleWebKit/537.36 (KHTML, like Gecko) Chrome/58.0.3029.96 Safari/537.36"
::1 - - [23/Jun/2017:09:41:22 +0000] "GET /get/66?age=18&job=teacher HTTP/1.1" - - "http://localhost:3000/users" "Mozilla/5.0 (Windows NT 10.0; WOW64) AppleWebKit/537.36 (KHTML, like Gecko) Chrome/58.0.3029.96 Safari/537.36"
::1 - - [23/Jun/2017:09:57:53 +0000] "GET /users HTTP/1.1" - - "-" "Mozilla/5.0 (Windows NT 10.0; WOW64) AppleWebKit/537.36 (KHTML, like Gecko) Chrome/58.0.3029.96 Safari/537.36"
::1 - - [23/Jun/2017:09:57:54 +0000] "GET /users HTTP/1.1" - - "-" "Mozilla/5.0 (Windows NT 10.0; WOW64) AppleWebKit/537.36 (KHTML, like Gecko) Chrome/58.0.3029.96 Safari/537.36"
::1 - - [23/Jun/2017:09:57:58 +0000] "POST /delete/66 HTTP/1.1" - - "http://localhost:3000/users" "Mozilla/5.0 (Windows NT 10.0; WOW64) AppleWebKit/537.36 (KHTML, like Gecko) Chrome/58.0.3029.96 Safari/537.36"
::1 - - [23/Jun/2017:09:58:16 +0000] "GET /users HTTP/1.1" - - "-" "Mozilla/5.0 (Windows NT 10.0; WOW64) AppleWebKit/537.36 (KHTML, like Gecko) Chrome/58.0.3029.96 Safari/537.36"
::1 - - [23/Jun/2017:09:58:20 +0000] "POST /delete/66 HTTP/1.1" - - "http://localhost:3000/users" "Mozilla/5.0 (Windows NT 10.0; WOW64) AppleWebKit/537.36 (KHTML, like Gecko) Chrome/58.0.3029.96 Safari/537.36"
::1 - - [23/Jun/2017:10:00:35 +0000] "GET /users HTTP/1.1" - - "-" "Mozilla/5.0 (Windows NT 10.0; WOW64) AppleWebKit/537.36 (KHTML, like Gecko) Chrome/58.0.3029.96 Safari/537.36"
::1 - - [23/Jun/2017:10:00:39 +0000] "POST /delete/66 HTTP/1.1" - - "http://localhost:3000/users" "Mozilla/5.0 (Windows NT 10.0; WOW64) AppleWebKit/537.36 (KHTML, like Gecko) Chrome/58.0.3029.96 Safari/537.36"
::1 - - [23/Jun/2017:10:00:59 +0000] "GET /users HTTP/1.1" - - "-" "Mozilla/5.0 (Windows NT 10.0; WOW64) AppleWebKit/537.36 (KHTML, like Gecko) Chrome/58.0.3029.96 Safari/537.36"
::1 - - [23/Jun/2017:10:01:00 +0000] "GET /users HTTP/1.1" - - "-" "Mozilla/5.0 (Windows NT 10.0; WOW64) AppleWebKit/537.36 (KHTML, like Gecko) Chrome/58.0.3029.96 Safari/537.36"
::1 - - [23/Jun/2017:10:01:00 +0000] "GET /users HTTP/1.1" - - "-" "Mozilla/5.0 (Windows NT 10.0; WOW64) AppleWebKit/537.36 (KHTML, like Gecko) Chrome/58.0.3029.96 Safari/537.36"
::1 - - [23/Jun/2017:10:01:00 +0000] "GET /users HTTP/1.1" - - "-" "Mozilla/5.0 (Windows NT 10.0; WOW64) AppleWebKit/537.36 (KHTML, like Gecko) Chrome/58.0.3029.96 Safari/537.36"
::1 - - [23/Jun/2017:10:01:05 +0000] "POST /delete/66 HTTP/1.1" - - "http://localhost:3000/users" "Mozilla/5.0 (Windows NT 10.0; WOW64) AppleWebKit/537.36 (KHTML, like Gecko) Chrome/58.0.3029.96 Safari/537.36"
::1 - - [23/Jun/2017:10:01:31 +0000] "GET /get/66?age=18&job=teacher HTTP/1.1" - - "http://localhost:3000/users" "Mozilla/5.0 (Windows NT 10.0; WOW64) AppleWebKit/537.36 (KHTML, like Gecko) Chrome/58.0.3029.96 Safari/537.36"
::1 - - [23/Jun/2017:10:05:29 +0000] "GET /users HTTP/1.1" - - "-" "Mozilla/5.0 (Windows NT 10.0; WOW64) AppleWebKit/537.36 (KHTML, like Gecko) Chrome/58.0.3029.96 Safari/537.36"
::1 - - [23/Jun/2017:10:05:30 +0000] "GET /get/66?age=18&job=teacher HTTP/1.1" - - "http://localhost:3000/users" "Mozilla/5.0 (Windows NT 10.0; WOW64) AppleWebKit/537.36 (KHTML, like Gecko) Chrome/58.0.3029.96 Safari/537.36"
::1 - - [23/Jun/2017:10:08:45 +0000] "GET /users HTTP/1.1" - - "-" "Mozilla/5.0 (Windows NT 10.0; WOW64) AppleWebKit/537.36 (KHTML, like Gecko) Chrome/58.0.3029.96 Safari/537.36"
::1 - - [23/Jun/2017:10:08:49 +0000] "POST /delete/66 HTTP/1.1" - - "http://localhost:3000/users" "Mozilla/5.0 (Windows NT 10.0; WOW64) AppleWebKit/537.36 (KHTML, like Gecko) Chrome/58.0.3029.96 Safari/537.36"
::1 - - [23/Jun/2017:10:09:04 +0000] "GET /get/66?age=18&job=teacher HTTP/1.1" - - "http://localhost:3000/users" "Mozilla/5.0 (Windows NT 10.0; WOW64) AppleWebKit/537.36 (KHTML, like Gecko) Chrome/58.0.3029.96 Safari/537.36"
::1 - - [23/Jun/2017:10:09:27 +0000] "GET /users HTTP/1.1" - - "-" "Mozilla/5.0 (Windows NT 10.0; WOW64) AppleWebKit/537.36 (KHTML, like Gecko) Chrome/58.0.3029.96 Safari/537.36"
::1 - - [23/Jun/2017:10:09:28 +0000] "GET /get/66?age=18&job=teacher HTTP/1.1" - - "http://localhost:3000/users" "Mozilla/5.0 (Windows NT 10.0; WOW64) AppleWebKit/537.36 (KHTML, like Gecko) Chrome/58.0.3029.96 Safari/537.36"
::1 - - [23/Jun/2017:10:11:56 +0000] "GET /users HTTP/1.1" - - "-" "Mozilla/5.0 (Windows NT 10.0; WOW64) AppleWebKit/537.36 (KHTML, like Gecko) Chrome/58.0.3029.96 Safari/537.36"
::1 - - [23/Jun/2017:10:11:57 +0000] "GET /get/66?age=18&job=teacher HTTP/1.1" - - "http://localhost:3000/users" "Mozilla/5.0 (Windows NT 10.0; WOW64) AppleWebKit/537.36 (KHTML, like Gecko) Chrome/58.0.3029.96 Safari/537.36"
::1 - - [23/Jun/2017:10:12:45 +0000] "GET /users HTTP/1.1" - - "-" "Mozilla/5.0 (Windows NT 10.0; WOW64) AppleWebKit/537.36 (KHTML, like Gecko) Chrome/58.0.3029.96 Safari/537.36"
::1 - - [23/Jun/2017:10:12:56 +0000] "POST /delete/66 HTTP/1.1" - - "http://localhost:3000/users" "Mozilla/5.0 (Windows NT 10.0; WOW64) AppleWebKit/537.36 (KHTML, like Gecko) Chrome/58.0.3029.96 Safari/537.36"
::1 - - [23/Jun/2017:10:13:31 +0000] "GET /delete/66?age=18&job=teacher HTTP/1.1" - - "http://localhost:3000/users" "Mozilla/5.0 (Windows NT 10.0; WOW64) AppleWebKit/537.36 (KHTML, like Gecko) Chrome/58.0.3029.96 Safari/537.36"
::1 - - [23/Jun/2017:10:13:57 +0000] "GET /delete/66?age=18&job=teacher HTTP/1.1" - - "http://localhost:3000/users" "Mozilla/5.0 (Windows NT 10.0; WOW64) AppleWebKit/537.36 (KHTML, like Gecko) Chrome/58.0.3029.96 Safari/537.36"
::1 - - [23/Jun/2017:10:14:02 +0000] "GET /users HTTP/1.1" - - "-" "Mozilla/5.0 (Windows NT 10.0; WOW64) AppleWebKit/537.36 (KHTML, like Gecko) Chrome/58.0.3029.96 Safari/537.36"
::1 - - [23/Jun/2017:10:14:03 +0000] "DELETE /delete/66 HTTP/1.1" - - "http://localhost:3000/users" "Mozilla/5.0 (Windows NT 10.0; WOW64) AppleWebKit/537.36 (KHTML, like Gecko) Chrome/58.0.3029.96 Safari/537.36"
::1 - - [23/Jun/2017:10:14:20 +0000] "GET /users HTTP/1.1" - - "-" "Mozilla/5.0 (Windows NT 10.0; WOW64) AppleWebKit/537.36 (KHTML, like Gecko) Chrome/58.0.3029.96 Safari/537.36"
::1 - - [23/Jun/2017:10:14:21 +0000] "GET /get/66?age=18&job=teacher HTTP/1.1" - - "http://localhost:3000/users" "Mozilla/5.0 (Windows NT 10.0; WOW64) AppleWebKit/537.36 (KHTML, like Gecko) Chrome/58.0.3029.96 Safari/537.36"
::1 - - [23/Jun/2017:10:14:27 +0000] "POST /delete/66 HTTP/1.1" - - "http://localhost:3000/users" "Mozilla/5.0 (Windows NT 10.0; WOW64) AppleWebKit/537.36 (KHTML, like Gecko) Chrome/58.0.3029.96 Safari/537.36"
::1 - - [23/Jun/2017:10:15:04 +0000] "GET /users HTTP/1.1" - - "-" "Mozilla/5.0 (Windows NT 10.0; WOW64) AppleWebKit/537.36 (KHTML, like Gecko) Chrome/58.0.3029.96 Safari/537.36"
::1 - - [23/Jun/2017:10:15:09 +0000] "POST /put/66 HTTP/1.1" - - "http://localhost:3000/users" "Mozilla/5.0 (Windows NT 10.0; WOW64) AppleWebKit/537.36 (KHTML, like Gecko) Chrome/58.0.3029.96 Safari/537.36"
::1 - - [23/Jun/2017:10:15:31 +0000] "GET /users HTTP/1.1" - - "-" "Mozilla/5.0 (Windows NT 10.0; WOW64) AppleWebKit/537.36 (KHTML, like Gecko) Chrome/58.0.3029.96 Safari/537.36"
::1 - - [23/Jun/2017:10:15:33 +0000] "POST /put/66 HTTP/1.1" - - "http://localhost:3000/users" "Mozilla/5.0 (Windows NT 10.0; WOW64) AppleWebKit/537.36 (KHTML, like Gecko) Chrome/58.0.3029.96 Safari/537.36"
::1 - - [23/Jun/2017:10:16:05 +0000] "GET /users HTTP/1.1" - - "-" "Mozilla/5.0 (Windows NT 10.0; WOW64) AppleWebKit/537.36 (KHTML, like Gecko) Chrome/58.0.3029.96 Safari/537.36"
::1 - - [23/Jun/2017:10:16:06 +0000] "GET /put/66?age=18&job=teacher HTTP/1.1" - - "http://localhost:3000/users" "Mozilla/5.0 (Windows NT 10.0; WOW64) AppleWebKit/537.36 (KHTML, like Gecko) Chrome/58.0.3029.96 Safari/537.36"
::1 - - [23/Jun/2017:10:16:20 +0000] "GET /users HTTP/1.1" - - "-" "Mozilla/5.0 (Windows NT 10.0; WOW64) AppleWebKit/537.36 (KHTML, like Gecko) Chrome/58.0.3029.96 Safari/537.36"
::1 - - [23/Jun/2017:10:16:21 +0000] "GET /put/66?age=18&job=teacher HTTP/1.1" - - "http://localhost:3000/users" "Mozilla/5.0 (Windows NT 10.0; WOW64) AppleWebKit/537.36 (KHTML, like Gecko) Chrome/58.0.3029.96 Safari/537.36"
::1 - - [23/Jun/2017:10:16:59 +0000] "GET /users HTTP/1.1" - - "-" "Mozilla/5.0 (Windows NT 10.0; WOW64) AppleWebKit/537.36 (KHTML, like Gecko) Chrome/58.0.3029.96 Safari/537.36"
::1 - - [23/Jun/2017:10:17:00 +0000] "GET /put/66?age=18&job=teacher HTTP/1.1" - - "http://localhost:3000/users" "Mozilla/5.0 (Windows NT 10.0; WOW64) AppleWebKit/537.36 (KHTML, like Gecko) Chrome/58.0.3029.96 Safari/537.36"
::1 - - [23/Jun/2017:10:17:15 +0000] "GET /put/66?age=18&job=teacher HTTP/1.1" - - "http://localhost:3000/users" "Mozilla/5.0 (Windows NT 10.0; WOW64) AppleWebKit/537.36 (KHTML, like Gecko) Chrome/58.0.3029.96 Safari/537.36"
::1 - - [23/Jun/2017:10:18:28 +0000] "GET /put/66?age=18&job=teacher HTTP/1.1" - - "http://localhost:3000/users" "Mozilla/5.0 (Windows NT 10.0; WOW64) AppleWebKit/537.36 (KHTML, like Gecko) Chrome/58.0.3029.96 Safari/537.36"
::1 - - [23/Jun/2017:10:19:01 +0000] "GET /put/66?age=18&job=teacher HTTP/1.1" - - "http://localhost:3000/users" "Mozilla/5.0 (Windows NT 10.0; WOW64) AppleWebKit/537.36 (KHTML, like Gecko) Chrome/58.0.3029.96 Safari/537.36"
::1 - - [23/Jun/2017:10:19:06 +0000] "GET /users HTTP/1.1" - - "-" "Mozilla/5.0 (Windows NT 10.0; WOW64) AppleWebKit/537.36 (KHTML, like Gecko) Chrome/58.0.3029.96 Safari/537.36"
::1 - - [23/Jun/2017:10:19:07 +0000] "GET /put/66?age=18&job=teacher HTTP/1.1" - - "http://localhost:3000/users" "Mozilla/5.0 (Windows NT 10.0; WOW64) AppleWebKit/537.36 (KHTML, like Gecko) Chrome/58.0.3029.96 Safari/537.36"
::1 - - [23/Jun/2017:10:19:38 +0000] "POST /put/66 HTTP/1.1" - - "http://localhost:3000/users" "Mozilla/5.0 (Windows NT 10.0; WOW64) AppleWebKit/537.36 (KHTML, like Gecko) Chrome/58.0.3029.96 Safari/537.36"
::1 - - [23/Jun/2017:10:20:21 +0000] "GET /put/66?age=18&job=teacher HTTP/1.1" - - "http://localhost:3000/users" "Mozilla/5.0 (Windows NT 10.0; WOW64) AppleWebKit/537.36 (KHTML, like Gecko) Chrome/58.0.3029.96 Safari/537.36"
::1 - - [23/Jun/2017:10:20:56 +0000] "GET /put/66?age=18&job=teacher HTTP/1.1" - - "http://localhost:3000/users" "Mozilla/5.0 (Windows NT 10.0; WOW64) AppleWebKit/537.36 (KHTML, like Gecko) Chrome/58.0.3029.96 Safari/537.36"
::1 - - [23/Jun/2017:10:22:14 +0000] "GET /put/66?age=18&job=teacher HTTP/1.1" - - "http://localhost:3000/users" "Mozilla/5.0 (Windows NT 10.0; WOW64) AppleWebKit/537.36 (KHTML, like Gecko) Chrome/58.0.3029.96 Safari/537.36"
::1 - - [23/Jun/2017:10:24:58 +0000] "GET /users HTTP/1.1" - - "-" "Mozilla/5.0 (Windows NT 10.0; WOW64) AppleWebKit/537.36 (KHTML, like Gecko) Chrome/58.0.3029.96 Safari/537.36"
::1 - - [23/Jun/2017:10:24:59 +0000] "GET /put/66?age=18&job=teacher HTTP/1.1" - - "http://localhost:3000/users" "Mozilla/5.0 (Windows NT 10.0; WOW64) AppleWebKit/537.36 (KHTML, like Gecko) Chrome/58.0.3029.96 Safari/537.36"
::1 - - [23/Jun/2017:10:25:54 +0000] "GET /put/66?age=18&job=teacher HTTP/1.1" - - "http://localhost:3000/users" "Mozilla/5.0 (Windows NT 10.0; WOW64) AppleWebKit/537.36 (KHTML, like Gecko) Chrome/58.0.3029.96 Safari/537.36"
::1 - - [23/Jun/2017:10:26:06 +0000] "POST /put/66 HTTP/1.1" - - "http://localhost:3000/users" "Mozilla/5.0 (Windows NT 10.0; WOW64) AppleWebKit/537.36 (KHTML, like Gecko) Chrome/58.0.3029.96 Safari/537.36"
::1 - - [23/Jun/2017:10:26:13 +0000] "POST /put/66 HTTP/1.1" - - "http://localhost:3000/users" "Mozilla/5.0 (Windows NT 10.0; WOW64) AppleWebKit/537.36 (KHTML, like Gecko) Chrome/58.0.3029.96 Safari/537.36"
::1 - - [23/Jun/2017:10:29:54 +0000] "GET /users HTTP/1.1" - - "-" "Mozilla/5.0 (Windows NT 10.0; WOW64) AppleWebKit/537.36 (KHTML, like Gecko) Chrome/58.0.3029.96 Safari/537.36"
::1 - - [23/Jun/2017:10:29:56 +0000] "GET /put/66?age=18&job=teacher HTTP/1.1" - - "http://localhost:3000/users" "Mozilla/5.0 (Windows NT 10.0; WOW64) AppleWebKit/537.36 (KHTML, like Gecko) Chrome/58.0.3029.96 Safari/537.36"
::1 - - [23/Jun/2017:10:33:27 +0000] "GET / HTTP/1.1" - - "-" "Mozilla/5.0 (Windows NT 10.0; WOW64) AppleWebKit/537.36 (KHTML, like Gecko) Chrome/58.0.3029.96 Safari/537.36"
::1 - - [23/Jun/2017:10:33:30 +0000] "GET /users HTTP/1.1" - - "-" "Mozilla/5.0 (Windows NT 10.0; WOW64) AppleWebKit/537.36 (KHTML, like Gecko) Chrome/58.0.3029.96 Safari/537.36"
::1 - - [23/Jun/2017:10:33:32 +0000] "POST /put/66 HTTP/1.1" - - "http://localhost:3000/users" "Mozilla/5.0 (Windows NT 10.0; WOW64) AppleWebKit/537.36 (KHTML, like Gecko) Chrome/58.0.3029.96 Safari/537.36"
::1 - - [23/Jun/2017:10:33:53 +0000] "GET /put/66?age=18&job=teacher HTTP/1.1" - - "http://localhost:3000/users" "Mozilla/5.0 (Windows NT 10.0; WOW64) AppleWebKit/537.36 (KHTML, like Gecko) Chrome/58.0.3029.96 Safari/537.36"
::1 - - [23/Jun/2017:10:35:12 +0000] "GET /put/66?age=18&job=teacher HTTP/1.1" - - "http://localhost:3000/users" "Mozilla/5.0 (Windows NT 10.0; WOW64) AppleWebKit/537.36 (KHTML, like Gecko) Chrome/58.0.3029.96 Safari/537.36"
::1 - - [23/Jun/2017:10:35:18 +0000] "GET /put/66?age=18&job=teacher HTTP/1.1" - - "http://localhost:3000/users" "Mozilla/5.0 (Windows NT 10.0; WOW64) AppleWebKit/537.36 (KHTML, like Gecko) Chrome/58.0.3029.96 Safari/537.36"
::1 - - [23/Jun/2017:10:35:52 +0000] "GET /users HTTP/1.1" - - "-" "Mozilla/5.0 (Windows NT 10.0; WOW64) AppleWebKit/537.36 (KHTML, like Gecko) Chrome/58.0.3029.96 Safari/537.36"
::1 - - [23/Jun/2017:10:35:54 +0000] "GET /put/66?age=18&job=teacher HTTP/1.1" - - "http://localhost:3000/users" "Mozilla/5.0 (Windows NT 10.0; WOW64) AppleWebKit/537.36 (KHTML, like Gecko) Chrome/58.0.3029.96 Safari/537.36"
::1 - - [23/Jun/2017:10:36:07 +0000] "GET /put/66?age=18&job=teacher HTTP/1.1" - - "http://localhost:3000/users" "Mozilla/5.0 (Windows NT 10.0; WOW64) AppleWebKit/537.36 (KHTML, like Gecko) Chrome/58.0.3029.96 Safari/537.36"
::1 - - [23/Jun/2017:10:44:24 +0000] "GET /put/66?age=18&job=teacher HTTP/1.1" - - "http://localhost:3000/users" "Mozilla/5.0 (Windows NT 10.0; WOW64) AppleWebKit/537.36 (KHTML, like Gecko) Chrome/58.0.3029.96 Safari/537.36"
::1 - - [23/Jun/2017:10:45:42 +0000] "GET /users HTTP/1.1" - - "-" "Mozilla/5.0 (Windows NT 10.0; WOW64) AppleWebKit/537.36 (KHTML, like Gecko) Chrome/58.0.3029.96 Safari/537.36"
::1 - - [23/Jun/2017:10:45:43 +0000] "GET /put/66?age=18&job=teacher HTTP/1.1" - - "http://localhost:3000/users" "Mozilla/5.0 (Windows NT 10.0; WOW64) AppleWebKit/537.36 (KHTML, like Gecko) Chrome/58.0.3029.96 Safari/537.36"
::1 - - [23/Jun/2017:10:46:27 +0000] "GET /put/66?age=18&job=teacher HTTP/1.1" - - "http://localhost:3000/users" "Mozilla/5.0 (Windows NT 10.0; WOW64) AppleWebKit/537.36 (KHTML, like Gecko) Chrome/58.0.3029.96 Safari/537.36"
::1 - - [23/Jun/2017:10:46:58 +0000] "GET /put/66?age=18&job=teacher HTTP/1.1" - - "http://localhost:3000/users" "Mozilla/5.0 (Windows NT 10.0; WOW64) AppleWebKit/537.36 (KHTML, like Gecko) Chrome/58.0.3029.96 Safari/537.36"
::1 - - [23/Jun/2017:10:47:34 +0000] "GET /put/66?age=18&job=teacher HTTP/1.1" - - "http://localhost:3000/users" "Mozilla/5.0 (Windows NT 10.0; WOW64) AppleWebKit/537.36 (KHTML, like Gecko) Chrome/58.0.3029.96 Safari/537.36"
::1 - - [23/Jun/2017:10:47:52 +0000] "GET /put/66?age=18&job=teacher HTTP/1.1" - - "http://localhost:3000/users" "Mozilla/5.0 (Windows NT 10.0; WOW64) AppleWebKit/537.36 (KHTML, like Gecko) Chrome/58.0.3029.96 Safari/537.36"
::1 - - [23/Jun/2017:10:52:40 +0000] "GET /put/66?age=18&job=teacher HTTP/1.1" - - "http://localhost:3000/users" "Mozilla/5.0 (Windows NT 10.0; WOW64) AppleWebKit/537.36 (KHTML, like Gecko) Chrome/58.0.3029.96 Safari/537.36"
::1 - - [23/Jun/2017:10:53:15 +0000] "GET /put/66?age=18&job=teacher HTTP/1.1" - - "http://localhost:3000/users" "Mozilla/5.0 (Windows NT 10.0; WOW64) AppleWebKit/537.36 (KHTML, like Gecko) Chrome/58.0.3029.96 Safari/537.36"
::1 - - [23/Jun/2017:10:53:36 +0000] "GET /put/66?age=18&job=teacher HTTP/1.1" - - "http://localhost:3000/users" "Mozilla/5.0 (Windows NT 10.0; WOW64) AppleWebKit/537.36 (KHTML, like Gecko) Chrome/58.0.3029.96 Safari/537.36"
::1 - - [23/Jun/2017:10:54:06 +0000] "GET /put/66?age=18&job=teacher HTTP/1.1" - - "http://localhost:3000/users" "Mozilla/5.0 (Windows NT 10.0; WOW64) AppleWebKit/537.36 (KHTML, like Gecko) Chrome/58.0.3029.96 Safari/537.36"
::1 - - [23/Jun/2017:10:54:28 +0000] "GET /put/66?age=18&job=teacher HTTP/1.1" - - "http://localhost:3000/users" "Mozilla/5.0 (Windows NT 10.0; WOW64) AppleWebKit/537.36 (KHTML, like Gecko) Chrome/58.0.3029.96 Safari/537.36"
::1 - - [23/Jun/2017:10:55:16 +0000] "GET /users HTTP/1.1" - - "-" "Mozilla/5.0 (Windows NT 10.0; WOW64) AppleWebKit/537.36 (KHTML, like Gecko) Chrome/58.0.3029.96 Safari/537.36"
::1 - - [23/Jun/2017:10:55:18 +0000] "GET /put/66?age=18&job=teacher HTTP/1.1" - - "http://localhost:3000/users" "Mozilla/5.0 (Windows NT 10.0; WOW64) AppleWebKit/537.36 (KHTML, like Gecko) Chrome/58.0.3029.96 Safari/537.36"
::1 - - [23/Jun/2017:10:56:12 +0000] "POST /put/66 HTTP/1.1" - - "http://localhost:3000/users" "Mozilla/5.0 (Windows NT 10.0; WOW64) AppleWebKit/537.36 (KHTML, like Gecko) Chrome/58.0.3029.96 Safari/537.36"
::1 - - [23/Jun/2017:10:56:18 +0000] "GET /put/66?age=18&job=teacher HTTP/1.1" - - "http://localhost:3000/users" "Mozilla/5.0 (Windows NT 10.0; WOW64) AppleWebKit/537.36 (KHTML, like Gecko) Chrome/58.0.3029.96 Safari/537.36"
